<?xml version="1.0" encoding="UTF-8"?>
<!-- Generated by org.testng.reporters.JUnitXMLReporter -->
<testsuite ignored="4" hostname="DESKTOP-TCC86SQ" failures="0" tests="1" name="Default test" time="3.177" errors="0" timestamp="2024-04-22T11:04:40 TRT">
  <testcase classname="homePagePackage.HomePageTestCases" name="addHighestAmount" time="0.207"/>
  <testcase classname="homePagePackage.HomePageTestCases" name="checkOut" time="0.0">
    <ignored/>
  </testcase> <!-- checkOut -->
  <testcase classname="homePagePackage.HomePageTestCases" name="addAllIitem" time="0.0">
    <ignored/>
  </testcase> <!-- addAllIitem -->
  <testcase classname="homePagePackage.HomePageTestCases" name="removeFiirstThird" time="0.0">
    <ignored/>
  </testcase> <!-- removeFiirstThird -->
  <testcase classname="homePagePackage.HomePageTestCases" name="addSecondRow" time="0.0">
    <ignored/>
  </testcase> <!-- addSecondRow -->
</testsuite> <!-- Default test -->
