<?xml version="1.0" encoding="UTF-8"?>
<testng-results ignored="4" total="5" passed="1" failed="0" skipped="0">
  <reporter-output>
  </reporter-output>
  <suite started-at="2024-04-22T11:04:37 TRT" name="Default suite" finished-at="2024-04-22T11:04:40 TRT" duration-ms="3177">
    <groups>
    </groups>
    <test started-at="2024-04-22T11:04:37 TRT" name="Default test" finished-at="2024-04-22T11:04:40 TRT" duration-ms="3177">
      <class name="homePagePackage.HomePageTestCases">
        <test-method is-config="true" signature="mySetup()[pri:0, instance:homePagePackage.HomePageTestCases@35d08e6c]" started-at="2024-04-22T11:04:37 TRT" name="mySetup" finished-at="2024-04-22T11:04:40 TRT" duration-ms="2887" status="PASS">
          <reporter-output>
          </reporter-output>
        </test-method> <!-- mySetup -->
        <test-method signature="addHighestAmount()[pri:0, instance:homePagePackage.HomePageTestCases@35d08e6c]" started-at="2024-04-22T11:04:40 TRT" name="addHighestAmount" finished-at="2024-04-22T11:04:40 TRT" duration-ms="207" status="PASS">
          <reporter-output>
          </reporter-output>
        </test-method> <!-- addHighestAmount -->
      </class> <!-- homePagePackage.HomePageTestCases -->
    </test> <!-- Default test -->
  </suite> <!-- Default suite -->
</testng-results>
